2024-09-05 11:53:12 INFO  Parser:90 - Начало сбора параметров
2024-09-05 11:53:12 INFO  Parser:94 - Входные файлы: {}[in1.txt, in2.txt]
2024-09-05 11:53:12 INFO  Parser:103 - Путь для вывода cft-filter
2024-09-05 11:53:12 INFO  Parser:109 - Префикс для вывода res_
2024-09-05 11:53:12 INFO  Parser:114 - Отображение полной статистики
2024-09-05 11:53:12 INFO  Filter:54 - Вывод статистики завершен
2024-09-05 11:53:12 INFO  Filter:45 - Фильтрация завершена. Преобразование прошло успешно: 8
2024-09-05 11:53:12 INFO  Filter:54 - Вывод статистики завершен
2024-09-05 11:53:12 INFO  Filter:45 - Фильтрация завершена. Преобразование прошло успешно: 0
2024-09-05 11:53:12 INFO  Filter:54 - Вывод статистики завершен
2024-09-05 11:53:12 INFO  Filter:45 - Фильтрация завершена. Преобразование прошло успешно: 0
2024-09-05 12:02:11 INFO  Parser:90 - Начало сбора параметров
2024-09-05 12:02:11 INFO  Parser:94 - Входные файлы: {}[in1.txt, in2.txt]
2024-09-05 12:02:11 INFO  Parser:103 - Путь для выводаcft-filter
2024-09-05 12:02:11 INFO  Parser:109 - Префикс для выводаres_
2024-09-05 12:02:11 INFO  Parser:114 - Отображение полной статистики
2024-09-05 12:02:11 INFO  Filter:54 - Вывод статистики завершен
2024-09-05 12:02:11 INFO  Filter:45 - Фильтрация завершена. Преобразование прошло успешно: 8ru.shutov.filter.filter.Filter
2024-09-05 12:02:11 INFO  Filter:54 - Вывод статистики завершен
2024-09-05 12:02:11 INFO  Filter:45 - Фильтрация завершена. Преобразование прошло успешно: 0ru.shutov.filter.filter.Filter
2024-09-05 12:02:11 INFO  Filter:54 - Вывод статистики завершен
2024-09-05 12:02:11 INFO  Filter:45 - Фильтрация завершена. Преобразование прошло успешно: 0ru.shutov.filter.filter.Filter
2024-09-05 12:14:30 INFO  Parser:90 - Начало сбора параметров
2024-09-05 12:14:30 INFO  Parser:94 - Входные файлы: {}[in1.txt, in2.txt]
2024-09-05 12:22:44 INFO  Parser:90 - Начало сбора параметров
2024-09-05 12:22:44 INFO  Parser:94 - Входные файлы: {}[in1.txt, in2.txt]
2024-09-05 12:22:44 INFO  Parser:98 - Опция APPEND указана. Будет применено дополнительное записывание в файл.
2024-09-05 12:22:44 INFO  Parser:104 - Путь для выводаcft-filter
2024-09-05 12:22:44 INFO  Parser:110 - Префикс для выводаres_
2024-09-05 12:22:44 INFO  Parser:115 - Отображение полной статистики
2024-09-05 12:22:44 INFO  Filter:54 - Вывод статистики завершен
2024-09-05 12:22:44 INFO  Filter:45 - Фильтрация завершена. Преобразование прошло успешно: 8ru.shutov.filter.filter.Filter
2024-09-05 12:22:44 INFO  Filter:54 - Вывод статистики завершен
2024-09-05 12:22:44 INFO  Filter:45 - Фильтрация завершена. Преобразование прошло успешно: 0ru.shutov.filter.filter.Filter
2024-09-05 12:22:44 INFO  Filter:54 - Вывод статистики завершен
2024-09-05 12:22:44 INFO  Filter:45 - Фильтрация завершена. Преобразование прошло успешно: 0ru.shutov.filter.filter.Filter
2024-09-05 13:28:38 WARN  DoubleConverter:17 - Ошибка при попытке преобразования строки 'Ауваццум' в число с плавающей точкой.
2024-09-05 13:35:53 WARN  IntegerConverter:17 - Ошибка при попытке преобразования строки 'Ауваццум' в число с плавающей точкой.
2024-09-05 13:50:07 INFO  DoubleStats:43 - Результат обновлен. Количество записанных элементов: 1сумма: 10.5максимальное значение: 10.5минимальное значение: 10.5среднее значение: 10.5
2024-09-05 13:50:07 INFO  DoubleStats:43 - Результат обновлен. Количество записанных элементов: 2сумма: 31.2максимальное значение: 20.7минимальное значение: 10.5среднее значение: 15.6
2024-09-05 13:50:07 INFO  DoubleStats:43 - Результат обновлен. Количество записанных элементов: 3сумма: 46.5максимальное значение: 20.7минимальное значение: 10.5среднее значение: 15.5
2024-09-05 13:51:53 INFO  DoubleStats:43 - Результат обновлен. Количество записанных элементов: 1сумма: 10.5максимальное значение: 10.5минимальное значение: 10.5среднее значение: 10.5
2024-09-05 13:51:57 INFO  DoubleStats:43 - Результат обновлен. Количество записанных элементов: 2сумма: 31.2максимальное значение: 20.7минимальное значение: 10.5среднее значение: 15.6
2024-09-05 13:51:59 INFO  DoubleStats:43 - Результат обновлен. Количество записанных элементов: 3сумма: 46.5максимальное значение: 20.7минимальное значение: 10.5среднее значение: 15.5
2024-09-05 13:52:20 INFO  DoubleStats:43 - Результат обновлен. Количество записанных элементов: 1сумма: 10.5максимальное значение: 10.5минимальное значение: 10.5среднее значение: 10.5
2024-09-05 13:52:20 INFO  DoubleStats:43 - Результат обновлен. Количество записанных элементов: 2сумма: 31.2максимальное значение: 20.7минимальное значение: 10.5среднее значение: 15.6
2024-09-05 13:52:20 INFO  DoubleStats:43 - Результат обновлен. Количество записанных элементов: 3сумма: 46.5максимальное значение: 20.7минимальное значение: 10.5среднее значение: 15.5
2024-09-05 13:52:44 INFO  DoubleStats:43 - Результат обновлен. Количество записанных элементов: 1сумма: 10.5максимальное значение: 10.5минимальное значение: 10.5среднее значение: 10.5
2024-09-05 13:52:44 INFO  DoubleStats:43 - Результат обновлен. Количество записанных элементов: 2сумма: 31.2максимальное значение: 20.7минимальное значение: 10.5среднее значение: 15.6
2024-09-05 13:52:44 INFO  DoubleStats:43 - Результат обновлен. Количество записанных элементов: 3сумма: 46.5максимальное значение: 20.7минимальное значение: 10.5среднее значение: 15.5
2024-09-05 13:53:39 INFO  DoubleStats:43 - Результат обновлен. Количество записанных элементов: 1сумма: 10.5максимальное значение: 10.5минимальное значение: 10.5среднее значение: 10.5
2024-09-05 13:53:39 INFO  DoubleStats:43 - Результат обновлен. Количество записанных элементов: 2сумма: 31.2максимальное значение: 20.7минимальное значение: 10.5среднее значение: 15.6
2024-09-05 13:53:39 INFO  DoubleStats:43 - Результат обновлен. Количество записанных элементов: 3сумма: 46.5максимальное значение: 20.7минимальное значение: 10.5среднее значение: 15.5
2024-09-05 13:55:12 INFO  DoubleStats:43 - Результат обновлен. Количество записанных элементов: 1сумма: 10.5максимальное значение: 10.5минимальное значение: 10.5среднее значение: 10.5
2024-09-05 13:55:12 INFO  DoubleStats:43 - Результат обновлен. Количество записанных элементов: 2сумма: 31.2максимальное значение: 20.7минимальное значение: 10.5среднее значение: 15.6
2024-09-05 13:55:12 INFO  DoubleStats:43 - Результат обновлен. Количество записанных элементов: 3сумма: 46.5максимальное значение: 20.7минимальное значение: 10.5среднее значение: 15.5
2024-09-05 13:57:37 WARN  String:17 - Ошибка при попытке преобразования пустой или null строки: 'null'
2024-09-05 13:57:43 WARN  String:17 - Ошибка при попытке преобразования пустой или null строки: ''
2024-09-05 13:57:56 WARN  String:17 - Ошибка при попытке преобразования пустой или null строки: ''
2024-09-05 13:58:09 WARN  String:17 - Ошибка при попытке преобразования пустой или null строки: ''
2024-09-05 13:58:15 WARN  String:17 - Ошибка при попытке преобразования пустой или null строки: ''
2024-09-05 13:59:23 WARN  String:17 - Ошибка при попытке преобразования пустой или null строки: 'null'
2024-09-05 13:59:35 WARN  String:17 - Ошибка при попытке преобразования пустой или null строки: 'null'
2024-09-05 13:59:55 WARN  String:17 - Ошибка при попытке преобразования пустой или null строки: 'null'
2024-09-05 14:01:07 WARN  String:17 - Ошибка при попытке преобразования пустой или null строки: ''
2024-09-05 14:01:56 WARN  String:17 - Ошибка при попытке преобразования пустой или null строки: ''
2024-09-05 14:02:41 WARN  String:17 - Ошибка при попытке преобразования пустой или null строки: 'null'
2024-09-05 14:03:19 WARN  String:17 - Ошибка при попытке преобразования пустой или null строки: 'null'
2024-09-05 14:04:30 WARN  String:17 - Ошибка при попытке преобразования пустой или null строки: 'null'
2024-09-05 14:04:44 WARN  String:17 - Ошибка при попытке преобразования пустой или null строки: 'null'
2024-09-05 14:05:20 WARN  String:17 - Ошибка при попытке преобразования пустой или null строки: ''
2024-09-05 14:06:02 WARN  String:17 - Ошибка при попытке преобразования пустой или null строки: 'null'
2024-09-05 14:06:08 WARN  String:17 - Ошибка при попытке преобразования пустой или null строки: 'null'
2024-09-05 14:07:35 WARN  String:17 - Ошибка при попытке преобразования пустой или null строки: ''
2024-09-05 14:07:54 WARN  String:17 - Ошибка при попытке преобразования пустой или null строки: 'null'
2024-09-05 14:08:35 WARN  String:17 - Ошибка при попытке преобразования пустой или null строки: ''
